c:\users\papasmerf\desktop\red_black_tree\red_black_tree\red_black_tree\debug\vc142.pdb
c:\users\papasmerf\desktop\red_black_tree\red_black_tree\red_black_tree\debug\vc142.idb
c:\users\papasmerf\desktop\red_black_tree\red_black_tree\red_black_tree\debug\tree.obj
c:\users\papasmerf\desktop\red_black_tree\red_black_tree\red_black_tree\debug\red_black_tree.obj
c:\users\papasmerf\desktop\red_black_tree\red_black_tree\debug\red_black_tree.ilk
c:\users\papasmerf\desktop\red_black_tree\red_black_tree\debug\red_black_tree.exe
c:\users\papasmerf\desktop\red_black_tree\red_black_tree\debug\red_black_tree.pdb
c:\users\papasmerf\desktop\2 semestr\aisd\projekt_drzewa_czerwono_czarne\red_black_tree\red_black_tree\red_black_tree\debug\red_black_tree.obj
c:\users\papasmerf\desktop\2 semestr\aisd\projekt_drzewa_czerwono_czarne\red_black_tree\red_black_tree\red_black_tree\debug\tree.obj
c:\users\papasmerf\desktop\2 semestr\aisd\projekt_drzewa_czerwono_czarne\red_black_tree\red_black_tree\red_black_tree\debug\vc142.idb
c:\users\papasmerf\desktop\2 semestr\aisd\projekt_drzewa_czerwono_czarne\red_black_tree\red_black_tree\red_black_tree\debug\vc142.pdb
c:\users\papasmerf\desktop\2 semestr\aisd\projekt_drzewa_czerwono_czarne\red_black_tree\red_black_tree\debug\red_black_tree.pdb
c:\users\papasmerf\desktop\2 semestr\aisd\projekt_drzewa_czerwono_czarne\red_black_tree\red_black_tree\debug\red_black_tree.exe
c:\users\papasmerf\desktop\2 semestr\aisd\projekt_drzewa_czerwono_czarne\red_black_tree\red_black_tree\debug\red_black_tree.ilk
c:\users\papasmerf\desktop\2 semestr\aisd\projekt_drzewa_czerwono_czarne\red_black_tree\red_black_tree\red_black_tree\debug\red_black_tree.tlog\cl.command.1.tlog
c:\users\papasmerf\desktop\2 semestr\aisd\projekt_drzewa_czerwono_czarne\red_black_tree\red_black_tree\red_black_tree\debug\red_black_tree.tlog\cl.read.1.tlog
c:\users\papasmerf\desktop\2 semestr\aisd\projekt_drzewa_czerwono_czarne\red_black_tree\red_black_tree\red_black_tree\debug\red_black_tree.tlog\cl.write.1.tlog
c:\users\papasmerf\desktop\2 semestr\aisd\projekt_drzewa_czerwono_czarne\red_black_tree\red_black_tree\red_black_tree\debug\red_black_tree.tlog\link.command.1.tlog
c:\users\papasmerf\desktop\2 semestr\aisd\projekt_drzewa_czerwono_czarne\red_black_tree\red_black_tree\red_black_tree\debug\red_black_tree.tlog\link.read.1.tlog
c:\users\papasmerf\desktop\2 semestr\aisd\projekt_drzewa_czerwono_czarne\red_black_tree\red_black_tree\red_black_tree\debug\red_black_tree.tlog\link.write.1.tlog
